<?xml version="1.0" encoding="UTF-8"?>
<testsuite xmlns:xsi="http://www.w3.org/2001/XMLSchema-instance" xsi:noNamespaceSchemaLocation="https://maven.apache.org/surefire/maven-surefire-plugin/xsd/surefire-test-report.xsd" name="TestSuite" time="40.052" tests="3" errors="0" skipped="0" failures="3">
  <properties>
[...]
</properties>
  <testcase name="insuranceCalculate" classname="insuranceCalculation_Motorcycle.EndToEndTest_Motorcycle" time="8.087">
    <failure message="Pricing for Gold plan is not matched expected [696.00] but found [238.00]" type="java.lang.AssertionError">java.lang.AssertionError: Pricing for Gold plan is not matched expected [696.00] but found [238.00]
	at insuranceCalculation_Motorcycle.EndToEndTest_Motorcycle.insuranceCalculate(EndToEndTest_Motorcycle.java:72)
</failure>
    <system-out><![CDATA[{Vehicle_List Price=888, PriceValidation_Gold=238.00, TC No=1, Vehicle_Annual Mileage=100, Insurant_address=1406/A Life Republic by Koltepatil,Marunji, Pune 411057, Product_start date=12/12/2024, Product_insurancesum=5.000.000,00, Vehicle_Date of Manufacture=09/04/2019, Insurant_Hobby=speeding,Other, SelectOption=Silver, PriceValidation_Ultimate=2,621.00, PriceValidation_Silver=701.00, Vehicle_Make=Honda, Insurant_occupation=Farmer, Vehicle_No of Seats_motorcycle=2, Insurant_LastName=Patel, Product_OptionalProducts=Euro Protection, Vehicle_Enging Performance=666, Insurant_ImageFilePath=??, Vehicle_Model=Motorcycle, Insurant_country=India, Insurant_zipcode=444061, Product_damageinsurance=Partial Coverage, TC Name=Verify Insurance Premium for Honda MotorCycle, Vehicle_CylinderCapacity=333, PriceValidation_Platinum=1,376.00, Insurant_website=www.gmail.com, Insurant_FirstName=Shraddha, Insurant_city=pune, Insurant_birthdate=05/10/1989, Insurant_gender=Female}
]]></system-out>
    <system-err><![CDATA[SLF4J: Failed to load class "org.slf4j.impl.StaticLoggerBinder".
SLF4J: Defaulting to no-operation (NOP) logger implementation
SLF4J: See http://www.slf4j.org/codes.html#StaticLoggerBinder for further details.
ERROR StatusLogger Log4j2 could not find a logging implementation. Please add log4j-core to the classpath. Using SimpleLogger to log to the console...
Apr 06, 2024 5:55:21 PM org.openqa.selenium.devtools.CdpVersionFinder findNearestMatch
WARNING: Unable to find an exact match for CDP version 123, returning the closest version; found: 122; Please update to a Selenium version that supports CDP version 123
]]></system-err>
  </testcase>
  <testcase name="insuranceCalculate" classname="insuranceCalculation_Motorcycle.EndToEndTest_Motorcycle" time="7.289">
    <failure message="Pricing for Gold plan is not matched expected [793.00] but found [238.00]" type="java.lang.AssertionError">java.lang.AssertionError: Pricing for Gold plan is not matched expected [793.00] but found [238.00]
	at insuranceCalculation_Motorcycle.EndToEndTest_Motorcycle.insuranceCalculate(EndToEndTest_Motorcycle.java:72)
</failure>
    <system-out><![CDATA[{Vehicle_List Price=888, PriceValidation_Gold=238.00, TC No=2, Vehicle_Annual Mileage=100, Insurant_address=1406/A Life Republic by Koltepatil,Marunji, Pune 411057, Product_start date=12/12/2024, Product_insurancesum=20.000.000,00, Vehicle_Date of Manufacture=09/04/2001, Insurant_Hobby=speeding,Other, SelectOption=Gold, PriceValidation_Ultimate=2,626.00, PriceValidation_Silver=702.00, Vehicle_Make=Volvo, Insurant_occupation=Farmer, Vehicle_No of Seats_motorcycle=2, Insurant_LastName=Patel, Product_OptionalProducts=Euro Protection, Vehicle_Enging Performance=900, Insurant_ImageFilePath=??, Vehicle_Model=Scooter, Insurant_country=India, Insurant_zipcode=444061, Product_damageinsurance=Partial Coverage, TC Name=Verify Insurance Premium for Volvo Scooter, Vehicle_CylinderCapacity=900, PriceValidation_Platinum=1,379.00, Insurant_website=www.gmail.com, Insurant_FirstName=Nilesh, Insurant_city=pune, Insurant_birthdate=08/02/1991, Insurant_gender=Male}
]]></system-out>
    <system-err><![CDATA[Apr 06, 2024 5:55:33 PM org.openqa.selenium.devtools.CdpVersionFinder findNearestMatch
WARNING: Unable to find an exact match for CDP version 123, returning the closest version; found: 122; Please update to a Selenium version that supports CDP version 123
]]></system-err>
  </testcase>
  <testcase name="insuranceCalculate" classname="insuranceCalculation_Motorcycle.EndToEndTest_Motorcycle" time="7.012">
    <failure message="Pricing for Gold plan is not matched expected [] but found [87.00]" type="java.lang.AssertionError">java.lang.AssertionError: Pricing for Gold plan is not matched expected [] but found [87.00]
	at insuranceCalculation_Motorcycle.EndToEndTest_Motorcycle.insuranceCalculate(EndToEndTest_Motorcycle.java:72)
</failure>
    <system-out><![CDATA[{Vehicle_List Price=1000, PriceValidation_Gold=87.00, TC No=3, Vehicle_Annual Mileage=100, Insurant_address=1406/A Life Republic by Koltepatil,Marunji, Pune 411057, Product_start date=12/12/2024, Product_insurancesum=3.000.000,00, Vehicle_Date of Manufacture=09/04/1989, Insurant_Hobby=speeding,Other, SelectOption=Ultimate, PriceValidation_Ultimate=967.00, PriceValidation_Silver=258.00, Vehicle_Make=Ford, Insurant_occupation=Farmer, Vehicle_No of Seats_motorcycle=2, Insurant_LastName=Patel, Product_OptionalProducts=Euro Protection, Vehicle_Enging Performance=100, Insurant_ImageFilePath=??, Vehicle_Model=Moped, Insurant_country=India, Insurant_zipcode=444061, Product_damageinsurance=Partial Coverage, TC Name=Verify Insurance Premium for Ford Moped, Vehicle_CylinderCapacity=100, PriceValidation_Platinum=507.00, Insurant_website=www.gmail.com, Insurant_FirstName=Trishiv, Insurant_city=pune, Insurant_birthdate=04/11/2021, Insurant_gender=Male}
]]></system-out>
    <system-err><![CDATA[Apr 06, 2024 5:55:46 PM org.openqa.selenium.devtools.CdpVersionFinder findNearestMatch
WARNING: Unable to find an exact match for CDP version 123, returning the closest version; found: 122; Please update to a Selenium version that supports CDP version 123
]]></system-err>
  </testcase>
</testsuite>